<?xml version="1.0" encoding="UTF-8"?>
<!-- Generated by org.testng.reporters.JUnitReportReporter -->
<testsuite hostname="DeeshaST123" failures="0" tests="4" name="Files.DynamicJson" time="2.677" errors="0" timestamp="2023-06-29T14:43:09 IST" skipped="0">
  <testcase classname="Files.DynamicJson" name="addBook" time="0.195"/>
  <system-out/>
  <testcase classname="Files.DynamicJson" name="addBook" time="2.119"/>
  <system-out/>
  <testcase classname="Files.DynamicJson" name="addBook" time="0.176"/>
  <system-out/>
  <testcase classname="Files.DynamicJson" name="addBook" time="0.187"/>
  <system-out/>
</testsuite> <!-- Files.DynamicJson -->
