<?xml version="1.0" encoding="UTF-8"?>
<!-- Generated by org.testng.reporters.JUnitReportReporter -->
<testsuite hostname="DeeshaST123" failures="0" tests="1" name="SumValidation" time="1.186" errors="0" timestamp="2023-06-28T14:50:15 IST" skipped="0">
  <testcase classname="SumValidation" name="sumOfCourses" time="1.186"/>
  <system-out/>
</testsuite> <!-- SumValidation -->
